<?xml version="1.0" encoding="UTF-8"?>
<testsuite xmlns:xsi="http://www.w3.org/2001/XMLSchema-instance" xsi:noNamespaceSchemaLocation="https://maven.apache.org/surefire/maven-surefire-plugin/xsd/surefire-test-report-3.0.xsd" version="3.0" name="TestSuite" time="0.283" tests="7" errors="0" skipped="6" failures="1">
  <properties>
    <property name="java.specification.version" value="21"/>
    <property name="sun.jnu.encoding" value="UTF-8"/>
    <property name="java.class.path" value="/Users/vanvu/Documents/Automation/MobileAutomate/target/test-classes:/Users/vanvu/Documents/Automation/MobileAutomate/target/classes:/Users/vanvu/.m2/repository/io/appium/java-client/9.0.0/java-client-9.0.0.jar:/Users/vanvu/.m2/repository/org/seleniumhq/selenium/selenium-api/4.11.0/selenium-api-4.11.0.jar:/Users/vanvu/.m2/repository/org/seleniumhq/selenium/selenium-remote-driver/4.11.0/selenium-remote-driver-4.11.0.jar:/Users/vanvu/.m2/repository/com/google/auto/service/auto-service-annotations/1.0.1/auto-service-annotations-1.0.1.jar:/Users/vanvu/.m2/repository/com/google/guava/guava/31.1-jre/guava-31.1-jre.jar:/Users/vanvu/.m2/repository/com/google/guava/failureaccess/1.0.1/failureaccess-1.0.1.jar:/Users/vanvu/.m2/repository/com/google/guava/listenablefuture/9999.0-empty-to-avoid-conflict-with-guava/listenablefuture-9999.0-empty-to-avoid-conflict-with-guava.jar:/Users/vanvu/.m2/repository/com/google/code/findbugs/jsr305/3.0.2/jsr305-3.0.2.jar:/Users/vanvu/.m2/repository/org/checkerframework/checker-qual/3.12.0/checker-qual-3.12.0.jar:/Users/vanvu/.m2/repository/com/google/errorprone/error_prone_annotations/2.11.0/error_prone_annotations-2.11.0.jar:/Users/vanvu/.m2/repository/com/google/j2objc/j2objc-annotations/1.3/j2objc-annotations-1.3.jar:/Users/vanvu/.m2/repository/io/netty/netty-buffer/4.1.92.Final/netty-buffer-4.1.92.Final.jar:/Users/vanvu/.m2/repository/io/netty/netty-codec-http/4.1.92.Final/netty-codec-http-4.1.92.Final.jar:/Users/vanvu/.m2/repository/io/netty/netty-codec/4.1.92.Final/netty-codec-4.1.92.Final.jar:/Users/vanvu/.m2/repository/io/netty/netty-handler/4.1.92.Final/netty-handler-4.1.92.Final.jar:/Users/vanvu/.m2/repository/io/netty/netty-common/4.1.92.Final/netty-common-4.1.92.Final.jar:/Users/vanvu/.m2/repository/io/netty/netty-transport-classes-epoll/4.1.92.Final/netty-transport-classes-epoll-4.1.92.Final.jar:/Users/vanvu/.m2/repository/io/netty/netty-transport-classes-kqueue/4.1.92.Final/netty-transport-classes-kqueue-4.1.92.Final.jar:/Users/vanvu/.m2/repository/io/netty/netty-transport-native-epoll/4.1.92.Final/netty-transport-native-epoll-4.1.92.Final.jar:/Users/vanvu/.m2/repository/io/netty/netty-transport-native-kqueue/4.1.92.Final/netty-transport-native-kqueue-4.1.92.Final.jar:/Users/vanvu/.m2/repository/io/netty/netty-transport-native-unix-common/4.1.92.Final/netty-transport-native-unix-common-4.1.92.Final.jar:/Users/vanvu/.m2/repository/io/netty/netty-transport/4.1.92.Final/netty-transport-4.1.92.Final.jar:/Users/vanvu/.m2/repository/io/netty/netty-resolver/4.1.92.Final/netty-resolver-4.1.92.Final.jar:/Users/vanvu/.m2/repository/io/opentelemetry/opentelemetry-api/1.26.0/opentelemetry-api-1.26.0.jar:/Users/vanvu/.m2/repository/io/opentelemetry/opentelemetry-context/1.26.0/opentelemetry-context-1.26.0.jar:/Users/vanvu/.m2/repository/io/opentelemetry/opentelemetry-exporter-logging/1.26.0/opentelemetry-exporter-logging-1.26.0.jar:/Users/vanvu/.m2/repository/io/opentelemetry/opentelemetry-sdk-metrics/1.26.0/opentelemetry-sdk-metrics-1.26.0.jar:/Users/vanvu/.m2/repository/io/opentelemetry/opentelemetry-extension-incubator/1.26.0-alpha/opentelemetry-extension-incubator-1.26.0-alpha.jar:/Users/vanvu/.m2/repository/io/opentelemetry/opentelemetry-sdk-logs/1.26.0-alpha/opentelemetry-sdk-logs-1.26.0-alpha.jar:/Users/vanvu/.m2/repository/io/opentelemetry/opentelemetry-api-logs/1.26.0-alpha/opentelemetry-api-logs-1.26.0-alpha.jar:/Users/vanvu/.m2/repository/io/opentelemetry/opentelemetry-api-events/1.26.0-alpha/opentelemetry-api-events-1.26.0-alpha.jar:/Users/vanvu/.m2/repository/io/opentelemetry/opentelemetry-sdk-common/1.26.0/opentelemetry-sdk-common-1.26.0.jar:/Users/vanvu/.m2/repository/io/opentelemetry/opentelemetry-sdk-extension-autoconfigure-spi/1.26.0/opentelemetry-sdk-extension-autoconfigure-spi-1.26.0.jar:/Users/vanvu/.m2/repository/io/opentelemetry/opentelemetry-sdk-extension-autoconfigure/1.26.0-alpha/opentelemetry-sdk-extension-autoconfigure-1.26.0-alpha.jar:/Users/vanvu/.m2/repository/io/opentelemetry/opentelemetry-sdk-trace/1.26.0/opentelemetry-sdk-trace-1.26.0.jar:/Users/vanvu/.m2/repository/io/opentelemetry/opentelemetry-sdk/1.26.0/opentelemetry-sdk-1.26.0.jar:/Users/vanvu/.m2/repository/io/opentelemetry/opentelemetry-semconv/1.26.0-alpha/opentelemetry-semconv-1.26.0-alpha.jar:/Users/vanvu/.m2/repository/net/bytebuddy/byte-buddy/1.14.4/byte-buddy-1.14.4.jar:/Users/vanvu/.m2/repository/org/apache/commons/commons-exec/1.3/commons-exec-1.3.jar:/Users/vanvu/.m2/repository/org/asynchttpclient/async-http-client/2.12.3/async-http-client-2.12.3.jar:/Users/vanvu/.m2/repository/org/asynchttpclient/async-http-client-netty-utils/2.12.3/async-http-client-netty-utils-2.12.3.jar:/Users/vanvu/.m2/repository/io/netty/netty-codec-socks/4.1.60.Final/netty-codec-socks-4.1.60.Final.jar:/Users/vanvu/.m2/repository/io/netty/netty-handler-proxy/4.1.60.Final/netty-handler-proxy-4.1.60.Final.jar:/Users/vanvu/.m2/repository/io/netty/netty-transport-native-epoll/4.1.60.Final/netty-transport-native-epoll-4.1.60.Final-linux-x86_64.jar:/Users/vanvu/.m2/repository/io/netty/netty-transport-native-kqueue/4.1.60.Final/netty-transport-native-kqueue-4.1.60.Final-osx-x86_64.jar:/Users/vanvu/.m2/repository/org/reactivestreams/reactive-streams/1.0.3/reactive-streams-1.0.3.jar:/Users/vanvu/.m2/repository/com/typesafe/netty/netty-reactive-streams/2.0.4/netty-reactive-streams-2.0.4.jar:/Users/vanvu/.m2/repository/com/sun/activation/jakarta.activation/1.2.2/jakarta.activation-1.2.2.jar:/Users/vanvu/.m2/repository/org/seleniumhq/selenium/selenium-http/4.11.0/selenium-http-4.11.0.jar:/Users/vanvu/.m2/repository/dev/failsafe/failsafe/3.3.1/failsafe-3.3.1.jar:/Users/vanvu/.m2/repository/org/seleniumhq/selenium/selenium-json/4.11.0/selenium-json-4.11.0.jar:/Users/vanvu/.m2/repository/org/seleniumhq/selenium/selenium-manager/4.11.0/selenium-manager-4.11.0.jar:/Users/vanvu/.m2/repository/org/seleniumhq/selenium/selenium-support/4.11.0/selenium-support-4.11.0.jar:/Users/vanvu/.m2/repository/com/google/code/gson/gson/2.10.1/gson-2.10.1.jar:/Users/vanvu/.m2/repository/org/slf4j/slf4j-api/2.0.9/slf4j-api-2.0.9.jar:/Users/vanvu/.m2/repository/org/seleniumhq/selenium/selenium-java/4.11.0/selenium-java-4.11.0.jar:/Users/vanvu/.m2/repository/org/seleniumhq/selenium/selenium-chrome-driver/4.11.0/selenium-chrome-driver-4.11.0.jar:/Users/vanvu/.m2/repository/org/seleniumhq/selenium/selenium-chromium-driver/4.11.0/selenium-chromium-driver-4.11.0.jar:/Users/vanvu/.m2/repository/org/seleniumhq/selenium/selenium-devtools-v113/4.11.0/selenium-devtools-v113-4.11.0.jar:/Users/vanvu/.m2/repository/org/seleniumhq/selenium/selenium-devtools-v114/4.11.0/selenium-devtools-v114-4.11.0.jar:/Users/vanvu/.m2/repository/org/seleniumhq/selenium/selenium-devtools-v115/4.11.0/selenium-devtools-v115-4.11.0.jar:/Users/vanvu/.m2/repository/org/seleniumhq/selenium/selenium-devtools-v85/4.11.0/selenium-devtools-v85-4.11.0.jar:/Users/vanvu/.m2/repository/org/seleniumhq/selenium/selenium-edge-driver/4.11.0/selenium-edge-driver-4.11.0.jar:/Users/vanvu/.m2/repository/org/seleniumhq/selenium/selenium-firefox-driver/4.11.0/selenium-firefox-driver-4.11.0.jar:/Users/vanvu/.m2/repository/org/seleniumhq/selenium/selenium-ie-driver/4.11.0/selenium-ie-driver-4.11.0.jar:/Users/vanvu/.m2/repository/org/seleniumhq/selenium/selenium-safari-driver/4.11.0/selenium-safari-driver-4.11.0.jar:/Users/vanvu/.m2/repository/org/testng/testng/7.7.0/testng-7.7.0.jar:/Users/vanvu/.m2/repository/com/beust/jcommander/1.82/jcommander-1.82.jar:/Users/vanvu/.m2/repository/org/webjars/jquery/3.6.1/jquery-3.6.1.jar:"/>
    <property name="java.vm.vendor" value="Eclipse Adoptium"/>
    <property name="sun.arch.data.model" value="64"/>
    <property name="java.vendor.url" value="https://adoptium.net/"/>
    <property name="user.timezone" value="Asia/Ho_Chi_Minh"/>
    <property name="os.name" value="Mac OS X"/>
    <property name="java.vm.specification.version" value="21"/>
    <property name="sun.java.launcher" value="SUN_STANDARD"/>
    <property name="user.country" value="VN"/>
    <property name="sun.boot.library.path" value="/Library/Java/JavaVirtualMachines/temurin-21.jdk/Contents/Home/lib"/>
    <property name="sun.java.command" value="/Users/vanvu/Documents/Automation/MobileAutomate/target/surefire/surefirebooter-20250613012822773_3.jar /Users/vanvu/Documents/Automation/MobileAutomate/target/surefire 2025-06-13T01-28-22_733-jvmRun1 surefire-20250613012822773_1tmp surefire_0-20250613012822773_2tmp"/>
    <property name="http.nonProxyHosts" value="local|*.local|169.254/16|*.169.254/16"/>
    <property name="jdk.debug" value="release"/>
    <property name="surefire.test.class.path" value="/Users/vanvu/Documents/Automation/MobileAutomate/target/test-classes:/Users/vanvu/Documents/Automation/MobileAutomate/target/classes:/Users/vanvu/.m2/repository/io/appium/java-client/9.0.0/java-client-9.0.0.jar:/Users/vanvu/.m2/repository/org/seleniumhq/selenium/selenium-api/4.11.0/selenium-api-4.11.0.jar:/Users/vanvu/.m2/repository/org/seleniumhq/selenium/selenium-remote-driver/4.11.0/selenium-remote-driver-4.11.0.jar:/Users/vanvu/.m2/repository/com/google/auto/service/auto-service-annotations/1.0.1/auto-service-annotations-1.0.1.jar:/Users/vanvu/.m2/repository/com/google/guava/guava/31.1-jre/guava-31.1-jre.jar:/Users/vanvu/.m2/repository/com/google/guava/failureaccess/1.0.1/failureaccess-1.0.1.jar:/Users/vanvu/.m2/repository/com/google/guava/listenablefuture/9999.0-empty-to-avoid-conflict-with-guava/listenablefuture-9999.0-empty-to-avoid-conflict-with-guava.jar:/Users/vanvu/.m2/repository/com/google/code/findbugs/jsr305/3.0.2/jsr305-3.0.2.jar:/Users/vanvu/.m2/repository/org/checkerframework/checker-qual/3.12.0/checker-qual-3.12.0.jar:/Users/vanvu/.m2/repository/com/google/errorprone/error_prone_annotations/2.11.0/error_prone_annotations-2.11.0.jar:/Users/vanvu/.m2/repository/com/google/j2objc/j2objc-annotations/1.3/j2objc-annotations-1.3.jar:/Users/vanvu/.m2/repository/io/netty/netty-buffer/4.1.92.Final/netty-buffer-4.1.92.Final.jar:/Users/vanvu/.m2/repository/io/netty/netty-codec-http/4.1.92.Final/netty-codec-http-4.1.92.Final.jar:/Users/vanvu/.m2/repository/io/netty/netty-codec/4.1.92.Final/netty-codec-4.1.92.Final.jar:/Users/vanvu/.m2/repository/io/netty/netty-handler/4.1.92.Final/netty-handler-4.1.92.Final.jar:/Users/vanvu/.m2/repository/io/netty/netty-common/4.1.92.Final/netty-common-4.1.92.Final.jar:/Users/vanvu/.m2/repository/io/netty/netty-transport-classes-epoll/4.1.92.Final/netty-transport-classes-epoll-4.1.92.Final.jar:/Users/vanvu/.m2/repository/io/netty/netty-transport-classes-kqueue/4.1.92.Final/netty-transport-classes-kqueue-4.1.92.Final.jar:/Users/vanvu/.m2/repository/io/netty/netty-transport-native-epoll/4.1.92.Final/netty-transport-native-epoll-4.1.92.Final.jar:/Users/vanvu/.m2/repository/io/netty/netty-transport-native-kqueue/4.1.92.Final/netty-transport-native-kqueue-4.1.92.Final.jar:/Users/vanvu/.m2/repository/io/netty/netty-transport-native-unix-common/4.1.92.Final/netty-transport-native-unix-common-4.1.92.Final.jar:/Users/vanvu/.m2/repository/io/netty/netty-transport/4.1.92.Final/netty-transport-4.1.92.Final.jar:/Users/vanvu/.m2/repository/io/netty/netty-resolver/4.1.92.Final/netty-resolver-4.1.92.Final.jar:/Users/vanvu/.m2/repository/io/opentelemetry/opentelemetry-api/1.26.0/opentelemetry-api-1.26.0.jar:/Users/vanvu/.m2/repository/io/opentelemetry/opentelemetry-context/1.26.0/opentelemetry-context-1.26.0.jar:/Users/vanvu/.m2/repository/io/opentelemetry/opentelemetry-exporter-logging/1.26.0/opentelemetry-exporter-logging-1.26.0.jar:/Users/vanvu/.m2/repository/io/opentelemetry/opentelemetry-sdk-metrics/1.26.0/opentelemetry-sdk-metrics-1.26.0.jar:/Users/vanvu/.m2/repository/io/opentelemetry/opentelemetry-extension-incubator/1.26.0-alpha/opentelemetry-extension-incubator-1.26.0-alpha.jar:/Users/vanvu/.m2/repository/io/opentelemetry/opentelemetry-sdk-logs/1.26.0-alpha/opentelemetry-sdk-logs-1.26.0-alpha.jar:/Users/vanvu/.m2/repository/io/opentelemetry/opentelemetry-api-logs/1.26.0-alpha/opentelemetry-api-logs-1.26.0-alpha.jar:/Users/vanvu/.m2/repository/io/opentelemetry/opentelemetry-api-events/1.26.0-alpha/opentelemetry-api-events-1.26.0-alpha.jar:/Users/vanvu/.m2/repository/io/opentelemetry/opentelemetry-sdk-common/1.26.0/opentelemetry-sdk-common-1.26.0.jar:/Users/vanvu/.m2/repository/io/opentelemetry/opentelemetry-sdk-extension-autoconfigure-spi/1.26.0/opentelemetry-sdk-extension-autoconfigure-spi-1.26.0.jar:/Users/vanvu/.m2/repository/io/opentelemetry/opentelemetry-sdk-extension-autoconfigure/1.26.0-alpha/opentelemetry-sdk-extension-autoconfigure-1.26.0-alpha.jar:/Users/vanvu/.m2/repository/io/opentelemetry/opentelemetry-sdk-trace/1.26.0/opentelemetry-sdk-trace-1.26.0.jar:/Users/vanvu/.m2/repository/io/opentelemetry/opentelemetry-sdk/1.26.0/opentelemetry-sdk-1.26.0.jar:/Users/vanvu/.m2/repository/io/opentelemetry/opentelemetry-semconv/1.26.0-alpha/opentelemetry-semconv-1.26.0-alpha.jar:/Users/vanvu/.m2/repository/net/bytebuddy/byte-buddy/1.14.4/byte-buddy-1.14.4.jar:/Users/vanvu/.m2/repository/org/apache/commons/commons-exec/1.3/commons-exec-1.3.jar:/Users/vanvu/.m2/repository/org/asynchttpclient/async-http-client/2.12.3/async-http-client-2.12.3.jar:/Users/vanvu/.m2/repository/org/asynchttpclient/async-http-client-netty-utils/2.12.3/async-http-client-netty-utils-2.12.3.jar:/Users/vanvu/.m2/repository/io/netty/netty-codec-socks/4.1.60.Final/netty-codec-socks-4.1.60.Final.jar:/Users/vanvu/.m2/repository/io/netty/netty-handler-proxy/4.1.60.Final/netty-handler-proxy-4.1.60.Final.jar:/Users/vanvu/.m2/repository/io/netty/netty-transport-native-epoll/4.1.60.Final/netty-transport-native-epoll-4.1.60.Final-linux-x86_64.jar:/Users/vanvu/.m2/repository/io/netty/netty-transport-native-kqueue/4.1.60.Final/netty-transport-native-kqueue-4.1.60.Final-osx-x86_64.jar:/Users/vanvu/.m2/repository/org/reactivestreams/reactive-streams/1.0.3/reactive-streams-1.0.3.jar:/Users/vanvu/.m2/repository/com/typesafe/netty/netty-reactive-streams/2.0.4/netty-reactive-streams-2.0.4.jar:/Users/vanvu/.m2/repository/com/sun/activation/jakarta.activation/1.2.2/jakarta.activation-1.2.2.jar:/Users/vanvu/.m2/repository/org/seleniumhq/selenium/selenium-http/4.11.0/selenium-http-4.11.0.jar:/Users/vanvu/.m2/repository/dev/failsafe/failsafe/3.3.1/failsafe-3.3.1.jar:/Users/vanvu/.m2/repository/org/seleniumhq/selenium/selenium-json/4.11.0/selenium-json-4.11.0.jar:/Users/vanvu/.m2/repository/org/seleniumhq/selenium/selenium-manager/4.11.0/selenium-manager-4.11.0.jar:/Users/vanvu/.m2/repository/org/seleniumhq/selenium/selenium-support/4.11.0/selenium-support-4.11.0.jar:/Users/vanvu/.m2/repository/com/google/code/gson/gson/2.10.1/gson-2.10.1.jar:/Users/vanvu/.m2/repository/org/slf4j/slf4j-api/2.0.9/slf4j-api-2.0.9.jar:/Users/vanvu/.m2/repository/org/seleniumhq/selenium/selenium-java/4.11.0/selenium-java-4.11.0.jar:/Users/vanvu/.m2/repository/org/seleniumhq/selenium/selenium-chrome-driver/4.11.0/selenium-chrome-driver-4.11.0.jar:/Users/vanvu/.m2/repository/org/seleniumhq/selenium/selenium-chromium-driver/4.11.0/selenium-chromium-driver-4.11.0.jar:/Users/vanvu/.m2/repository/org/seleniumhq/selenium/selenium-devtools-v113/4.11.0/selenium-devtools-v113-4.11.0.jar:/Users/vanvu/.m2/repository/org/seleniumhq/selenium/selenium-devtools-v114/4.11.0/selenium-devtools-v114-4.11.0.jar:/Users/vanvu/.m2/repository/org/seleniumhq/selenium/selenium-devtools-v115/4.11.0/selenium-devtools-v115-4.11.0.jar:/Users/vanvu/.m2/repository/org/seleniumhq/selenium/selenium-devtools-v85/4.11.0/selenium-devtools-v85-4.11.0.jar:/Users/vanvu/.m2/repository/org/seleniumhq/selenium/selenium-edge-driver/4.11.0/selenium-edge-driver-4.11.0.jar:/Users/vanvu/.m2/repository/org/seleniumhq/selenium/selenium-firefox-driver/4.11.0/selenium-firefox-driver-4.11.0.jar:/Users/vanvu/.m2/repository/org/seleniumhq/selenium/selenium-ie-driver/4.11.0/selenium-ie-driver-4.11.0.jar:/Users/vanvu/.m2/repository/org/seleniumhq/selenium/selenium-safari-driver/4.11.0/selenium-safari-driver-4.11.0.jar:/Users/vanvu/.m2/repository/org/testng/testng/7.7.0/testng-7.7.0.jar:/Users/vanvu/.m2/repository/com/beust/jcommander/1.82/jcommander-1.82.jar:/Users/vanvu/.m2/repository/org/webjars/jquery/3.6.1/jquery-3.6.1.jar:"/>
    <property name="sun.cpu.endian" value="little"/>
    <property name="user.home" value="/Users/vanvu"/>
    <property name="user.language" value="en"/>
    <property name="java.specification.vendor" value="Oracle Corporation"/>
    <property name="java.version.date" value="2025-04-15"/>
    <property name="java.home" value="/Library/Java/JavaVirtualMachines/temurin-21.jdk/Contents/Home"/>
    <property name="file.separator" value="/"/>
    <property name="basedir" value="/Users/vanvu/Documents/Automation/MobileAutomate"/>
    <property name="java.vm.compressedOopsMode" value="Zero based"/>
    <property name="line.separator" value="&#10;"/>
    <property name="java.vm.specification.vendor" value="Oracle Corporation"/>
    <property name="java.specification.name" value="Java Platform API Specification"/>
    <property name="apple.awt.application.name" value="ForkedBooter"/>
    <property name="surefire.real.class.path" value="/Users/vanvu/Documents/Automation/MobileAutomate/target/surefire/surefirebooter-20250613012822773_3.jar"/>
    <property name="sun.management.compiler" value="HotSpot 64-Bit Tiered Compilers"/>
    <property name="ftp.nonProxyHosts" value="local|*.local|169.254/16|*.169.254/16"/>
    <property name="java.runtime.version" value="21.0.7+6-LTS"/>
    <property name="user.name" value="vanvu"/>
    <property name="stdout.encoding" value="UTF-8"/>
    <property name="path.separator" value=":"/>
    <property name="os.version" value="15.1"/>
    <property name="java.runtime.name" value="OpenJDK Runtime Environment"/>
    <property name="file.encoding" value="UTF-8"/>
    <property name="java.vm.name" value="OpenJDK 64-Bit Server VM"/>
    <property name="java.vendor.version" value="Temurin-21.0.7+6"/>
    <property name="localRepository" value="/Users/vanvu/.m2/repository"/>
    <property name="java.vendor.url.bug" value="https://github.com/adoptium/adoptium-support/issues"/>
    <property name="java.io.tmpdir" value="/var/folders/kh/vrkp8zy156q525qb9n25j2hh0000gn/T/"/>
    <property name="java.version" value="21.0.7"/>
    <property name="user.dir" value="/Users/vanvu/Documents/Automation/MobileAutomate"/>
    <property name="os.arch" value="aarch64"/>
    <property name="java.vm.specification.name" value="Java Virtual Machine Specification"/>
    <property name="native.encoding" value="UTF-8"/>
    <property name="java.library.path" value="/opt/homebrew/Cellar/zstd/1.5.6/lib:/opt/homebrew/Cellar/zstd/1.5.6/lib::/Users/vanvu/Library/Java/Extensions:/Library/Java/Extensions:/Network/Library/Java/Extensions:/System/Library/Java/Extensions:/usr/lib/java:."/>
    <property name="java.vm.info" value="mixed mode, sharing"/>
    <property name="stderr.encoding" value="UTF-8"/>
    <property name="java.vendor" value="Eclipse Adoptium"/>
    <property name="java.vm.version" value="21.0.7+6-LTS"/>
    <property name="sun.io.unicode.encoding" value="UnicodeBig"/>
    <property name="socksNonProxyHosts" value="local|*.local|169.254/16|*.169.254/16"/>
    <property name="java.class.version" value="65.0"/>
  </properties>
  <testcase name="setup" classname="tests.MobilePOMPageTest" time="0.197">
    <failure message="&apos;void org.openqa.selenium.remote.http.ClientConfig.&lt;init&gt;(java.net.URI, java.time.Duration, java.time.Duration, org.openqa.selenium.remote.http.Filter, java.net.Proxy, org.openqa.selenium.Credentials, javax.net.ssl.SSLContext, java.lang.String)&apos;" type="java.lang.NoSuchMethodError"><![CDATA[java.lang.NoSuchMethodError: 'void org.openqa.selenium.remote.http.ClientConfig.<init>(java.net.URI, java.time.Duration, java.time.Duration, org.openqa.selenium.remote.http.Filter, java.net.Proxy, org.openqa.selenium.Credentials, javax.net.ssl.SSLContext, java.lang.String)'
	at io.appium.java_client.AppiumClientConfig.<init>(AppiumClientConfig.java:72)
	at io.appium.java_client.AppiumClientConfig.defaultConfig(AppiumClientConfig.java:91)
	at io.appium.java_client.remote.AppiumCommandExecutor.<init>(AppiumCommandExecutor.java:104)
	at io.appium.java_client.AppiumDriver.<init>(AppiumDriver.java:102)
	at io.appium.java_client.android.AndroidDriver.<init>(AndroidDriver.java:109)
	at utils.DriverFactory.createDriver(DriverFactory.java:28)
	at base.BaseTest.setup(BaseTest.java:16)
	at java.base/jdk.internal.reflect.DirectMethodHandleAccessor.invoke(DirectMethodHandleAccessor.java:103)
	at java.base/java.lang.reflect.Method.invoke(Method.java:580)
	at org.testng.internal.invokers.MethodInvocationHelper.invokeMethod(MethodInvocationHelper.java:139)
	at org.testng.internal.invokers.MethodInvocationHelper.invokeMethodConsideringTimeout(MethodInvocationHelper.java:69)
	at org.testng.internal.invokers.ConfigInvoker.invokeConfigurationMethod(ConfigInvoker.java:361)
	at org.testng.internal.invokers.ConfigInvoker.invokeConfigurations(ConfigInvoker.java:296)
	at org.testng.internal.invokers.TestMethodWorker.invokeBeforeClassMethods(TestMethodWorker.java:180)
	at org.testng.internal.invokers.TestMethodWorker.run(TestMethodWorker.java:122)
	at java.base/java.util.ArrayList.forEach(ArrayList.java:1596)
	at org.testng.TestRunner.privateRun(TestRunner.java:829)
	at org.testng.TestRunner.run(TestRunner.java:602)
	at org.testng.SuiteRunner.runTest(SuiteRunner.java:437)
	at org.testng.SuiteRunner.runSequentially(SuiteRunner.java:431)
	at org.testng.SuiteRunner.privateRun(SuiteRunner.java:391)
	at org.testng.SuiteRunner.run(SuiteRunner.java:330)
	at org.testng.SuiteRunnerWorker.runSuite(SuiteRunnerWorker.java:52)
	at org.testng.SuiteRunnerWorker.run(SuiteRunnerWorker.java:95)
	at org.testng.TestNG.runSuitesSequentially(TestNG.java:1256)
	at org.testng.TestNG.runSuitesLocally(TestNG.java:1176)
	at org.testng.TestNG.runSuites(TestNG.java:1099)
	at org.testng.TestNG.run(TestNG.java:1067)
	at org.apache.maven.surefire.testng.TestNGExecutor.run(TestNGExecutor.java:308)
	at org.apache.maven.surefire.testng.TestNGXmlTestSuite.execute(TestNGXmlTestSuite.java:71)
	at org.apache.maven.surefire.testng.TestNGProvider.invoke(TestNGProvider.java:113)
	at org.apache.maven.surefire.booter.ForkedBooter.runSuitesInProcess(ForkedBooter.java:385)
	at org.apache.maven.surefire.booter.ForkedBooter.execute(ForkedBooter.java:162)
	at org.apache.maven.surefire.booter.ForkedBooter.run(ForkedBooter.java:507)
	at org.apache.maven.surefire.booter.ForkedBooter.main(ForkedBooter.java:495)
]]></failure>
    <system-out><![CDATA[APPIUM_SERVER_URL: http://127.0.0.1:4723
]]></system-out>
    <system-err><![CDATA[SLF4J: No SLF4J providers were found.
SLF4J: Defaulting to no-operation (NOP) logger implementation
SLF4J: See https://www.slf4j.org/codes.html#noProviders for further details.
]]></system-err>
  </testcase>
  <testcase name="setUp" classname="tests.MobilePOMPageTest" time="0.0">
    <skipped/>
  </testcase>
  <testcase name="CheckCustomerTabDisplayed" classname="tests.MobilePOMPageTest" time="0.0">
    <skipped message="&apos;void org.openqa.selenium.remote.http.ClientConfig.&lt;init&gt;(java.net.URI, java.time.Duration, java.time.Duration, org.openqa.selenium.remote.http.Filter, java.net.Proxy, org.openqa.selenium.Credentials, javax.net.ssl.SSLContext, java.lang.String)&apos;"/>
  </testcase>
  <testcase name="TestAccessControl" classname="tests.MobilePOMPageTest" time="0.0">
    <skipped message="&apos;void org.openqa.selenium.remote.http.ClientConfig.&lt;init&gt;(java.net.URI, java.time.Duration, java.time.Duration, org.openqa.selenium.remote.http.Filter, java.net.Proxy, org.openqa.selenium.Credentials, javax.net.ssl.SSLContext, java.lang.String)&apos;"/>
  </testcase>
  <testcase name="TestAccessLoginPage" classname="tests.MobilePOMPageTest" time="0.0">
    <skipped message="&apos;void org.openqa.selenium.remote.http.ClientConfig.&lt;init&gt;(java.net.URI, java.time.Duration, java.time.Duration, org.openqa.selenium.remote.http.Filter, java.net.Proxy, org.openqa.selenium.Credentials, javax.net.ssl.SSLContext, java.lang.String)&apos;"/>
  </testcase>
  <testcase name="TestOpenTabSale" classname="tests.MobilePOMPageTest" time="0.0">
    <skipped message="&apos;void org.openqa.selenium.remote.http.ClientConfig.&lt;init&gt;(java.net.URI, java.time.Duration, java.time.Duration, org.openqa.selenium.remote.http.Filter, java.net.Proxy, org.openqa.selenium.Credentials, javax.net.ssl.SSLContext, java.lang.String)&apos;"/>
  </testcase>
  <testcase name="tearDown" classname="tests.MobilePOMPageTest" time="0.0">
    <skipped/>
  </testcase>
</testsuite>